GraphCS!Baron_mouse_combination:0.9646178271716942
VAT-!Baron_mouse_combination:0.8850835412414001
GBP-!Baron_mouse_combination:0.743176835261208
GraphCS!Baron_mouse_segerstolpe:0.9727126805778491
VAT-!Baron_mouse_segerstolpe:0.9213483146067415
GBP-!Baron_mouse_segerstolpe:0.7929373996789727
GraphCS!Baron_mouse_Baron_human:0.9492600422832982
VAT-!Baron_mouse_Baron_human:0.9209830866807611
GBP-!Baron_mouse_Baron_human:0.7078488372093024
GraphCS!Baron_human_Baron_mouse:0.9652034261241971
VAT-!Baron_human_Baron_mouse:0.9609207708779444
GBP-!Baron_human_Baron_mouse:0.9031049250535332
conos!Baron_mouse_combination:0.943373402888032
ccamnn!Baron_mouse_combination:0.9181976260678913
annoy!Baron_mouse_combination:0.5770771905949951
umap!Baron_mouse_combination:0.577908822862327
sklearnknn!Baron_mouse_combination:0.5505405609737657
cosine!Baron_mouse_combination:0.42761019127542144
conos!Baron_mouse_segerstolpe:0.8298555377207062
ccamnn!Baron_mouse_segerstolpe:0.7918673087212412
annoy!Baron_mouse_segerstolpe:0.3595505617977528
umap!Baron_mouse_segerstolpe:0.3584804708400214
sklearnknn!Baron_mouse_segerstolpe:0.2985553772070626
cosine!Baron_mouse_segerstolpe:0.6891385767790261
conos!Baron_mouse_Baron_human:0.962737843551797
ccamnn!Baron_mouse_Baron_human:0.9780655391120507
annoy!Baron_mouse_Baron_human:0.5204809725158562
umap!Baron_mouse_Baron_human:0.525369978858351
sklearnknn!Baron_mouse_Baron_human:0.5031712473572939
cosine!Baron_mouse_Baron_human:0.4932610993657505
conos!Baron_human_Baron_mouse:0.9020342612419701
ccamnn!Baron_human_Baron_mouse:0.7773019271948609
annoy!Baron_human_Baron_mouse:0.7414346895074947
umap!Baron_human_Baron_mouse:0.35653104925053536
sklearnknn!Baron_human_Baron_mouse:0.661134903640257
cosine!Baron_human_Baron_mouse:0.3554603854389722
